<?xml version="1.0"?><coverage lines-covered="132" lines-valid="143" line-rate="0.9230769230769231" branches-covered="0" branches-valid="0" branch-rate="0" complexity="0" version="1.9" timestamp="1776149440"><sources><source>/Users/user/Develop/personal/wg</source></sources><packages><package name="examples" line-rate="0" branch-rate="0" complexity="0"><classes></classes></package><package name="src" line-rate="0.9230769230769231" branch-rate="0" complexity="0"><classes><class name="future" filename="src/future.rs" line-rate="0.864406779661017" branch-rate="0" complexity="0"><methods/><lines><line number="70" hits="23"/><line number="72" hits="46"/><line number="81" hits="2"/><line number="83" hits="4"/><line number="92" hits="17"/><line number="94" hits="17"/><line number="100" hits="2"/><line number="101" hits="6"/><line number="102" hits="4"/><line number="115" hits="3"/><line number="116" hits="2"/><line number="117" hits="6"/><line number="123" hits="23"/><line number="124" hits="23"/><line number="181" hits="200063"/><line number="182" hits="1000315"/><line number="185" hits="200063"/><line number="186" hits="600189"/><line number="191" hits="200063"/><line number="216" hits="200075"/><line number="217" hits="200072"/><line number="218" hits="200072"/><line number="219" hits="200072"/><line number="220" hits="1000360"/><line number="222" hits="200070"/><line number="223" hits="400140"/><line number="227" hits="200092"/><line number="228" hits="22"/><line number="230" hits="200070"/><line number="233" hits="2"/><line number="239" hits="6"/><line number="240" hits="18"/><line number="264" hits="20"/><line number="267" hits="34"/><line number="299" hits="4"/><line number="302" hits="14"/><line number="303" hits="9"/><line number="307" hits="6"/><line number="308" hits="0"/><line number="310" hits="6"/><line number="331" hits="34"/><line number="332" hits="68"/><line number="333" hits="17"/><line number="336" hits="51"/><line number="337" hits="51"/><line number="346" hits="32"/><line number="347" hits="0"/><line number="349" hits="16"/><line number="355" hits="2"/><line number="356" hits="0"/><line number="362" hits="3"/><line number="363" hits="3"/><line number="365" hits="2"/><line number="366" hits="0"/><line number="368" hits="1"/><line number="372" hits="0"/><line number="373" hits="0"/><line number="375" hits="0"/><line number="376" hits="0"/></lines></class><class name="spin" filename="src/spin.rs" line-rate="1" branch-rate="0" complexity="0"><methods/><lines><line number="30" hits="23459"/><line number="32" hits="23459"/><line number="33" hits="804"/><line number="34" hits="762"/><line number="38" hits="23417"/><line number="40" hits="23417"/><line number="41" hits="23417"/><line number="44" hits="23459"/><line number="86" hits="7"/><line number="88" hits="7"/><line number="96" hits="2"/><line number="98" hits="4"/><line number="106" hits="7"/><line number="108" hits="7"/><line number="114" hits="2"/><line number="115" hits="6"/><line number="116" hits="4"/><line number="129" hits="3"/><line number="130" hits="1"/><line number="131" hits="3"/><line number="137" hits="7"/><line number="138" hits="7"/><line number="192" hits="11"/><line number="193" hits="55"/><line number="196" hits="11"/><line number="197" hits="33"/><line number="201" hits="11"/><line number="209" hits="18"/><line number="210" hits="18"/><line number="211" hits="18"/><line number="212" hits="18"/><line number="213" hits="90"/><line number="215" hits="34"/><line number="217" hits="1"/><line number="223" hits="5"/><line number="224" hits="15"/><line number="231" hits="7"/><line number="233" hits="14"/><line number="234" hits="1"/><line number="237" hits="12"/><line number="238" hits="70389"/><line number="239" hits="23459"/></lines></class><class name="sync" filename="src/sync.rs" line-rate="0.9285714285714286" branch-rate="0" complexity="0"><methods/><lines><line number="15" hits="105"/><line number="16" hits="210"/><line number="27" hits="0"/><line number="32" hits="0"/><line number="95" hits="16"/><line number="97" hits="32"/><line number="106" hits="1"/><line number="108" hits="2"/><line number="117" hits="11"/><line number="119" hits="11"/><line number="125" hits="2"/><line number="126" hits="6"/><line number="127" hits="10"/><line number="139" hits="3"/><line number="140" hits="3"/><line number="141" hits="9"/><line number="155" hits="19"/><line number="156" hits="16"/><line number="209" hits="42"/><line number="210" hits="126"/><line number="213" hits="42"/><line number="214" hits="126"/><line number="216" hits="0"/><line number="218" hits="42"/><line number="220" hits="42"/><line number="241" hits="45"/><line number="242" hits="135"/><line number="244" hits="135"/><line number="245" hits="22"/><line number="246" hits="11"/><line number="247" hits="68"/><line number="248" hits="2"/><line number="250" hits="32"/><line number="252" hits="45"/><line number="257" hits="5"/><line number="258" hits="5"/><line number="280" hits="14"/><line number="281" hits="33"/><line number="283" hits="22"/><line number="284" hits="1"/><line number="287" hits="20"/><line number="290" hits="20"/></lines></class></classes></package></packages></coverage>